<?xml version="1.0" encoding="UTF-8"?>
<testng-results ignored="0" total="2" passed="2" failed="0" skipped="0">
  <reporter-output>
  </reporter-output>
  <suite started-at="2022-05-29T22:51:42 EDT" name="Surefire suite" finished-at="2022-05-29T22:51:50 EDT" duration-ms="8170">
    <groups>
      <group name="cucumber">
        <method signature="AbstractTestNGCucumberTests.runScenario(io.cucumber.testng.PickleWrapper,io.cucumber.testng.FeatureWrapper)[pri:0, instance:com.training.runner.Runner@5e0e82ae]" name="runScenario" class="io.cucumber.testng.AbstractTestNGCucumberTests"/>
      </group> <!-- cucumber -->
    </groups>
    <test started-at="2022-05-29T22:51:42 EDT" name="Surefire test" finished-at="2022-05-29T22:51:50 EDT" duration-ms="8170">
      <class name="com.training.runner.Runner">
        <test-method is-config="true" signature="setUpClass()[pri:0, instance:com.training.runner.Runner@5e0e82ae]" started-at="2022-05-29T22:51:42 EDT" name="setUpClass" finished-at="2022-05-29T22:51:42 EDT" duration-ms="439" status="PASS">
          <reporter-output>
          </reporter-output>
        </test-method> <!-- setUpClass -->
        <test-method signature="runScenario(io.cucumber.testng.PickleWrapper,io.cucumber.testng.FeatureWrapper)[pri:0, instance:com.training.runner.Runner@5e0e82ae]" started-at="2022-05-29T22:51:42 EDT" name="runScenario" description="Runs Cucumber Scenarios" data-provider="scenarios" finished-at="2022-05-29T22:51:46 EDT" duration-ms="3854" status="PASS">
          <params>
            <param index="0">
              <value>
                <![CDATA["Login with valid user and valid password"]]>
              </value>
            </param>
            <param index="1">
              <value>
                <![CDATA["Optional[Login into firebase application]"]]>
              </value>
            </param>
          </params>
          <reporter-output>
          </reporter-output>
        </test-method> <!-- runScenario -->
        <test-method signature="runScenario(io.cucumber.testng.PickleWrapper,io.cucumber.testng.FeatureWrapper)[pri:0, instance:com.training.runner.Runner@5e0e82ae]" started-at="2022-05-29T22:51:46 EDT" name="runScenario" description="Runs Cucumber Scenarios" data-provider="scenarios" finished-at="2022-05-29T22:51:50 EDT" duration-ms="3717" status="PASS">
          <params>
            <param index="0">
              <value>
                <![CDATA["Login with invalid user and invalid password"]]>
              </value>
            </param>
            <param index="1">
              <value>
                <![CDATA["Optional[Login into firebase application]"]]>
              </value>
            </param>
          </params>
          <reporter-output>
          </reporter-output>
        </test-method> <!-- runScenario -->
        <test-method is-config="true" signature="tearDownClass()[pri:0, instance:com.training.runner.Runner@5e0e82ae]" started-at="2022-05-29T22:51:50 EDT" name="tearDownClass" finished-at="2022-05-29T22:51:50 EDT" duration-ms="130" status="PASS">
          <reporter-output>
          </reporter-output>
        </test-method> <!-- tearDownClass -->
      </class> <!-- com.training.runner.Runner -->
    </test> <!-- Surefire test -->
  </suite> <!-- Surefire suite -->
</testng-results>
